2024-02-02T09:44:25.677Z - GET /api/products/top - ::1
2024-02-02T09:44:25.724Z - GET /api/products? - ::1
2024-02-02T09:44:26.151Z - GET /uploads/image-1706811140151.jpg - ::1
2024-02-02T09:44:26.157Z - GET /uploads/image-1706811325514.jpg - ::1
2024-02-02T09:44:26.160Z - GET /uploads/image-1706811464271.jpg - ::1
2024-02-02T09:46:31.387Z - POST /api/users - ::1
2024-02-02T09:46:32.017Z - GET /api/products? - ::1
2024-02-02T09:46:32.014Z - GET /api/products/top - ::1
2024-02-02T09:46:32.078Z - GET /uploads/image-1706811140151.jpg - ::1
2024-02-02T09:46:32.081Z - GET /uploads/image-1706811325514.jpg - ::1
2024-02-02T09:46:32.083Z - GET /uploads/image-1706811464271.jpg - ::1
2024-02-02T09:46:38.504Z - POST /api/users/logout - ::1
2024-02-02T09:46:42.848Z - POST /api/users/auth - ::1
2024-02-02T09:46:43.232Z - POST /api/users/auth - ::1
2024-02-02T09:46:43.443Z - POST /api/users/auth - ::1
2024-02-02T09:50:58.999Z - GET /api/products/top - ::1
2024-02-02T09:50:59.001Z - GET /api/products? - ::1
2024-02-02T09:50:59.127Z - GET /uploads/image-1706811140151.jpg - ::1
2024-02-02T09:50:59.128Z - GET /uploads/image-1706811325514.jpg - ::1
2024-02-02T09:50:59.129Z - GET /uploads/image-1706811464271.jpg - ::1
2024-02-02T10:29:30.384Z - POST /api/users/auth - ::1
2024-02-02T10:29:39.533Z - POST /api/users - ::1
2024-02-02T10:29:39.640Z - GET /api/products/top - ::1
2024-02-02T10:29:39.641Z - GET /api/products? - ::1
2024-02-02T10:29:39.690Z - GET /uploads/image-1706811140151.jpg - ::1
2024-02-02T10:29:39.693Z - GET /uploads/image-1706811325514.jpg - ::1
2024-02-02T10:29:39.695Z - GET /uploads/image-1706811464271.jpg - ::1
2024-02-02T10:29:47.838Z - POST /api/products/filtered-products - ::1
2024-02-02T10:29:47.839Z - GET /api/category/categories - ::1
2024-02-02T12:17:52.802Z - GET /api/products/top - ::1
2024-02-02T12:17:52.811Z - GET /api/products? - ::1
2024-02-02T12:17:52.872Z - GET /uploads/image-1706811140151.jpg - ::1
2024-02-02T12:17:52.873Z - GET /uploads/image-1706811325514.jpg - ::1
2024-02-02T12:17:52.873Z - GET /uploads/image-1706811464271.jpg - ::1
2024-02-02T13:24:06.211Z - GET /api/products/top - ::1
2024-02-02T13:24:06.219Z - GET /api/products? - ::1
2024-02-02T13:24:06.345Z - GET /uploads/image-1706811140151.jpg - ::1
2024-02-02T13:24:06.346Z - GET /uploads/image-1706811325514.jpg - ::1
2024-02-02T13:24:06.347Z - GET /uploads/image-1706811464271.jpg - ::1
2024-02-02T14:04:26.956Z - GET /api/products/top - ::1
2024-02-02T14:04:26.968Z - GET /api/products? - ::1
2024-02-02T14:04:27.062Z - GET /uploads/image-1706811140151.jpg - ::1
2024-02-02T14:04:27.064Z - GET /uploads/image-1706811325514.jpg - ::1
2024-02-02T14:04:27.065Z - GET /uploads/image-1706811464271.jpg - ::1
2024-02-02T14:28:12.581Z - GET / - ::1
2024-02-02T14:33:02.050Z - GET / - ::1
2024-02-02T14:52:50.303Z - GET / - ::1
2024-02-02T14:53:32.866Z - GET /api/products/top - ::1
2024-02-02T14:53:32.942Z - GET /favicon.ico - ::1
2024-02-02T15:19:49.658Z - GET / - ::1
2024-02-02T15:24:06.818Z - GET /api/products/top - ::1
2024-02-02T15:24:06.828Z - GET /api/products? - ::1
2024-02-02T15:25:04.849Z - GET /api/products/top - ::1
2024-02-02T15:25:04.887Z - GET /api/products? - ::1
2024-02-02T15:25:22.626Z - GET /api/products/top - ::1
2024-02-02T15:25:22.675Z - GET /api/products? - ::1
2024-02-02T15:25:22.757Z - GET /uploads/image-1706811140151.jpg - ::1
2024-02-02T15:25:22.760Z - GET /uploads/image-1706811325514.jpg - ::1
2024-02-02T15:25:22.819Z - GET /uploads/image-1706811464271.jpg - ::1
2024-02-02T15:25:50.643Z - POST /api/users/auth - ::1
2024-02-02T15:25:57.228Z - POST /api/users/logout - ::1
2024-02-02T15:33:28.824Z - GET /api/products/top - ::1
2024-02-02T15:33:28.834Z - GET /api/products? - ::1
2024-02-02T15:33:28.944Z - GET /uploads/image-1706811140151.jpg - ::1
2024-02-02T15:33:28.948Z - GET /uploads/image-1706811325514.jpg - ::1
2024-02-02T15:33:28.949Z - GET /uploads/image-1706811464271.jpg - ::1
2024-02-02T15:33:32.240Z - GET /api/products/top - ::1
2024-02-02T15:33:32.242Z - GET /api/products? - ::1
2024-02-02T15:33:32.332Z - GET /uploads/image-1706811140151.jpg - ::1
2024-02-02T15:33:32.353Z - GET /uploads/image-1706811325514.jpg - ::1
2024-02-02T15:33:32.356Z - GET /uploads/image-1706811464271.jpg - ::1
2024-02-02T15:33:51.668Z - POST /api/users/auth - ::1
2024-02-02T15:49:56.153Z - GET /api/products/top - ::1
2024-02-02T15:49:56.155Z - GET /api/products? - ::1
2024-02-02T15:49:56.254Z - GET /uploads/image-1706811140151.jpg - ::1
2024-02-02T15:49:56.255Z - GET /uploads/image-1706811325514.jpg - ::1
2024-02-02T15:49:56.259Z - GET /uploads/image-1706811464271.jpg - ::1
2024-02-02T18:59:50.844Z - GET /api/products/top - ::1
2024-02-02T18:59:50.853Z - GET /api/products? - ::1
2024-02-02T18:59:50.944Z - GET /uploads/image-1706811140151.jpg - ::1
2024-02-02T18:59:50.946Z - GET /uploads/image-1706811325514.jpg - ::1
2024-02-02T18:59:50.947Z - GET /uploads/image-1706811464271.jpg - ::1
2024-02-02T19:00:11.177Z - POST /api/users/auth - ::1
2024-02-02T19:00:11.450Z - GET /api/products/top - ::1
2024-02-02T19:00:11.453Z - GET /api/products? - ::1
2024-02-02T19:00:25.373Z - GET /api/category/categories - ::1
2024-02-02T19:00:25.371Z - POST /api/products/filtered-products - ::1
2024-02-02T19:00:42.988Z - POST /api/orders - ::1
2024-02-02T19:00:43.045Z - GET /api/orders/65bd3bdb2db11808d90c7923 - ::1
2024-02-02T19:00:43.048Z - GET /api/config/paypal - ::1
2024-02-02T19:01:20.035Z - GET /api/orders - ::1
2024-02-02T19:07:36.190Z - GET /api/products/top - ::1
2024-02-02T19:07:36.199Z - GET /api/products? - ::1
2024-02-02T19:07:36.292Z - GET /uploads/image-1706811140151.jpg - ::1
2024-02-02T19:07:36.295Z - GET /uploads/image-1706811325514.jpg - ::1
2024-02-02T19:07:36.296Z - GET /uploads/image-1706811464271.jpg - ::1
